[debug] [2022-04-08T05:09:27.951Z] ----------------------------------------------------------------------
[debug] [2022-04-08T05:09:27.955Z] Command:       C:\Program Files (x86)\nodejs\node.exe C:\Users\ASUS\AppData\Roaming\npm\node_modules\firebase-tools\lib\bin\firebase.js emulators:start
[debug] [2022-04-08T05:09:27.956Z] CLI Version:   10.6.0
[debug] [2022-04-08T05:09:27.956Z] Platform:      win32
[debug] [2022-04-08T05:09:27.956Z] Node Version:  v16.13.1
[debug] [2022-04-08T05:09:28.096Z] Time:          Fri Apr 08 2022 10:39:27 GMT+0530 (India Standard Time)
[debug] [2022-04-08T05:09:28.096Z] ----------------------------------------------------------------------
[debug] 
[debug] [2022-04-08T05:09:28.656Z] > command requires scopes: ["email","openid","https://www.googleapis.com/auth/cloudplatformprojects.readonly","https://www.googleapis.com/auth/firebase","https://www.googleapis.com/auth/cloud-platform"]
[debug] [2022-04-08T05:09:28.657Z] > authorizing via signed-in user (tsatam91@gmail.com)
[info] i  emulators: Starting emulators: functions, hosting {"metadata":{"emulator":{"name":"hub"},"message":"Starting emulators: functions, hosting"}}
[debug] [2022-04-08T05:09:28.774Z] [hub] writing locator at C:\Users\ASUS\AppData\Local\Temp\hub-gymwebsite-2.json
[warn] !  functions: The following emulators are not running, calls to these services from the Functions emulator will affect production: auth, firestore, database, pubsub, storage {"metadata":{"emulator":{"name":"functions"},"message":"The following emulators are not running, calls to these services from the Functions emulator will affect production: \u001b[1mauth, firestore, database, pubsub, storage\u001b[22m"}}
[info] +  functions: Using node@16 from host. {"metadata":{"emulator":{"name":"functions"},"message":"Using node@16 from host."}}
[debug] [2022-04-08T05:09:29.275Z] defaultcredentials: writing to file C:\Users\ASUS\AppData\Roaming\firebase\tsatam91_gmail_com_application_default_credentials.json
[debug] [2022-04-08T05:09:29.278Z] Setting GAC to C:\Users\ASUS\AppData\Roaming\firebase\tsatam91_gmail_com_application_default_credentials.json {"metadata":{"emulator":{"name":"functions"},"message":"Setting GAC to C:\\Users\\ASUS\\AppData\\Roaming\\firebase\\tsatam91_gmail_com_application_default_credentials.json"}}
[debug] [2022-04-08T05:09:29.280Z] > refreshing access token with scopes: []
[debug] [2022-04-08T05:09:29.280Z] >>> HTTP REQUEST POST https://www.googleapis.com/oauth2/v3/token  
 <request body omitted>
[debug] [2022-04-08T05:09:29.542Z] <<< HTTP RESPONSE 200 {"pragma":"no-cache","cache-control":"no-cache, no-store, max-age=0, must-revalidate","date":"Fri, 08 Apr 2022 05:09:29 GMT","expires":"Mon, 01 Jan 1990 00:00:00 GMT","content-type":"application/json; charset=utf-8","vary":"X-Origin, Referer, Origin,Accept-Encoding","server":"scaffolding on HTTPServer2","x-xss-protection":"0","x-frame-options":"SAMEORIGIN","x-content-type-options":"nosniff","alt-svc":"h3=\":443\"; ma=2592000,h3-29=\":443\"; ma=2592000,h3-Q050=\":443\"; ma=2592000,h3-Q046=\":443\"; ma=2592000,h3-Q043=\":443\"; ma=2592000,quic=\":443\"; ma=2592000; v=\"46,43\"","accept-ranges":"none","transfer-encoding":"chunked"}
[debug] [2022-04-08T05:09:29.648Z] >>> [apiv2][query] GET https://firebase.googleapis.com/v1beta1/projects/gymwebsite-2/adminSdkConfig [none]
[debug] [2022-04-08T05:09:30.319Z] <<< [apiv2][status] GET https://firebase.googleapis.com/v1beta1/projects/gymwebsite-2/adminSdkConfig 200
[debug] [2022-04-08T05:09:30.320Z] <<< [apiv2][body] GET https://firebase.googleapis.com/v1beta1/projects/gymwebsite-2/adminSdkConfig {"projectId":"gymwebsite-2","storageBucket":"gymwebsite-2.appspot.com","locationId":"us-central"}
[debug] [2022-04-08T05:09:30.599Z] Failed to get Admin SDK config for gymwebsite-2, falling back to cacheEBUSY: resource busy or locked, rename 'C:\Users\ASUS\.config\configstore\firebase-tools.json.3896854413' -> 'C:\Users\ASUS\.config\configstore\firebase-tools.json' {"errno":-4082,"syscall":"rename","code":"EBUSY","path":"C:\\Users\\ASUS\\.config\\configstore\\firebase-tools.json.3896854413","dest":"C:\\Users\\ASUS\\.config\\configstore\\firebase-tools.json"}
[debug] [2022-04-08T05:09:30.608Z] >>> [apiv2][query] GET https://firebasehosting.googleapis.com/v1beta1/projects/gymwebsite-2/sites 
[debug] [2022-04-08T05:09:32.458Z] <<< [apiv2][status] GET https://firebasehosting.googleapis.com/v1beta1/projects/gymwebsite-2/sites 200
[debug] [2022-04-08T05:09:32.458Z] <<< [apiv2][body] GET https://firebasehosting.googleapis.com/v1beta1/projects/gymwebsite-2/sites {"sites":[{"name":"projects/961858325300/sites/gymwebsite-2","defaultUrl":"https://gymwebsite-2.web.app","appId":"1:961858325300:web:0cfee3dfb23e1e116d3361","type":"DEFAULT_SITE"}]}
[debug] [2022-04-08T05:09:32.459Z] >>> [apiv2][query] GET https://firebase.googleapis.com/v1beta1/projects/gymwebsite-2/webApps/1:961858325300:web:0cfee3dfb23e1e116d3361/config [none]
[debug] [2022-04-08T05:09:33.701Z] <<< [apiv2][status] GET https://firebase.googleapis.com/v1beta1/projects/gymwebsite-2/webApps/1:961858325300:web:0cfee3dfb23e1e116d3361/config 200
[debug] [2022-04-08T05:09:33.701Z] <<< [apiv2][body] GET https://firebase.googleapis.com/v1beta1/projects/gymwebsite-2/webApps/1:961858325300:web:0cfee3dfb23e1e116d3361/config {"projectId":"gymwebsite-2","appId":"1:961858325300:web:0cfee3dfb23e1e116d3361","storageBucket":"gymwebsite-2.appspot.com","locationId":"us-central","apiKey":"AIzaSyDfFg0P1w-_s5U1a3wijb0r5PKNj0Q5fjQ","authDomain":"gymwebsite-2.firebaseapp.com","messagingSenderId":"961858325300","measurementId":"G-SRTDN06Y0B"}
[debug] [2022-04-08T05:09:33.860Z] fetchWebSetup error: Error: EBUSY: resource busy or locked, rename 'C:\Users\ASUS\.config\configstore\firebase-tools.json.2649277125' -> 'C:\Users\ASUS\.config\configstore\firebase-tools.json'
[warn] !  hosting: Could not fetch web app configuration and there is no cached configuration on this machine. Check your internet connection and make sure you are authenticated. To continue, you must call firebase.initializeApp({...}) in your code before using Firebase. 
[info] i  hosting: Serving hosting files from: build {"metadata":{"emulator":{"name":"hosting"},"message":"Serving hosting files from: \u001b[1mbuild\u001b[22m"}}
[info] +  hosting: Local server: http://localhost:5000 {"metadata":{"emulator":{"name":"hosting"},"message":"Local server: \u001b[4m\u001b[1mhttp://localhost:5000\u001b[22m\u001b[24m"}}
[debug] [2022-04-08T05:09:35.193Z] Ignoring unsupported arg: auto_download {"metadata":{"emulator":{"name":"ui"},"message":"Ignoring unsupported arg: auto_download"}}
[debug] [2022-04-08T05:09:35.194Z] Ignoring unsupported arg: port {"metadata":{"emulator":{"name":"ui"},"message":"Ignoring unsupported arg: port"}}
[debug] [2022-04-08T05:09:35.194Z] Starting Emulator UI with command {"binary":"node","args":["C:\\Users\\ASUS\\.cache\\firebase\\emulators\\ui-v1.6.5\\server.bundle.js"],"optionalArgs":[],"joinArgs":false} {"metadata":{"emulator":{"name":"ui"},"message":"Starting Emulator UI with command {\"binary\":\"node\",\"args\":[\"C:\\\\Users\\\\ASUS\\\\.cache\\\\firebase\\\\emulators\\\\ui-v1.6.5\\\\server.bundle.js\"],\"optionalArgs\":[],\"joinArgs\":false}"}}
[info] i  ui: Emulator UI logging to ui-debug.log {"metadata":{"emulator":{"name":"ui"},"message":"Emulator UI logging to \u001b[1mui-debug.log\u001b[22m"}}
[info] i  functions: Watching "D:\APRIL PROJECTS\fitfactory\functions" for Cloud Functions... {"metadata":{"emulator":{"name":"functions"},"message":"Watching \"D:\\APRIL PROJECTS\\fitfactory\\functions\" for Cloud Functions..."}}
[debug] [2022-04-08T05:09:36.228Z] Validating nodejs source
[debug] [2022-04-08T05:10:42.923Z] > [functions] package.json contents: {
  "name": "functions",
  "description": "Cloud Functions for Firebase",
  "scripts": {
    "lint": "eslint .",
    "serve": "firebase emulators:start --only functions",
    "shell": "firebase functions:shell",
    "start": "npm run shell",
    "deploy": "firebase deploy --only functions",
    "logs": "firebase functions:log"
  },
  "engines": {
    "node": "16"
  },
  "main": "index.js",
  "dependencies": {
    "cors": "^2.8.5",
    "express": "^4.17.3",
    "firebase-admin": "^10.0.2",
    "firebase-functions": "^3.18.0",
    "stripe": "^8.215.0"
  },
  "devDependencies": {
    "eslint": "^8.9.0",
    "eslint-config-google": "^0.14.0",
    "firebase-functions-test": "^0.2.0"
  },
  "private": true
}
[debug] [2022-04-08T05:10:42.923Z] Building nodejs source
[debug] [2022-04-08T05:10:42.923Z] Analyzing nodejs backend spec
[debug] [2022-04-08T05:10:42.933Z] Web / API server started at localhost:4000
 {"metadata":{"emulator":{"name":"ui"},"message":"Web / API server started at localhost:4000\n"}}
